2012/11/19 00:41:14 [error] [php] stream_socket_enable_crypto() [<a href='streams.crypto'>streams.crypto</a>]: this stream does not support SSL/crypto (D:\vhosts\yii.gr\test\protected\extensions\mailer\phpmailer\class.smtp.php:197)
Stack trace:
#0 D:\vhosts\yii.gr\test\protected\extensions\mailer\phpmailer\class.phpmailer.php(608): PHPMailer->SmtpConnect()
#1 D:\vhosts\yii.gr\test\protected\extensions\mailer\phpmailer\class.phpmailer.php(511): PHPMailer->SmtpSend()
#2 unknown(0): PHPMailer->Send()
#3 D:\vhosts\yii.gr\test\protected\extensions\mailer\EMailer.php(153): call_user_func_array()
#4 D:\vhosts\yii.gr\test\protected\helpers\utils.php(31): EMailer->__call()
#5 D:\vhosts\yii.gr\test\protected\helpers\utils.php(31): EMailer->Send()
#6 D:\vhosts\yii.gr\test\protected\controllers\SiteController.php(113): sendHtmlEmail()
#7 D:\vhosts\frameworks\yii_1.1.12\framework\web\actions\CInlineAction.php(50): SiteController->actionContact()
#8 D:\vhosts\frameworks\yii_1.1.12\framework\web\CController.php(309): CInlineAction->runWithParams()
#9 D:\vhosts\frameworks\yii_1.1.12\framework\web\CController.php(287): SiteController->runAction()
#10 D:\vhosts\frameworks\yii_1.1.12\framework\web\CController.php(266): SiteController->runActionWithFilters()
#11 D:\vhosts\frameworks\yii_1.1.12\framework\web\CWebApplication.php(283): SiteController->run()
#12 D:\vhosts\frameworks\yii_1.1.12\framework\web\CWebApplication.php(142): CWebApplication->runController()
#13 D:\vhosts\frameworks\yii_1.1.12\framework\base\CApplication.php(162): CWebApplication->processRequest()
#14 D:\vhosts\yii.gr\test\index.php(36): CWebApplication->run()
REQUEST_URI=/test/site/contact
in D:\vhosts\yii.gr\test\protected\extensions\mailer\phpmailer\class.smtp.php (197)
in D:\vhosts\yii.gr\test\protected\extensions\mailer\phpmailer\class.phpmailer.php (683)
in D:\vhosts\yii.gr\test\protected\extensions\mailer\phpmailer\class.phpmailer.php (608)
